\BOOKMARK [1][-]{section*.1}{Introduction}{}% 1
\BOOKMARK [1][-]{section*.2}{Methods}{}% 2
\BOOKMARK [2][-]{section*.3}{Closed-system\040dating}{section*.2}% 3
\BOOKMARK [2][-]{section*.4}{Open-system\040dating}{section*.2}% 4
\BOOKMARK [1][-]{section*.5}{Working\040with\040the\040package}{}% 5
\BOOKMARK [1][-]{section*.6}{Installing\040and\040attaching\040the\040package}{}% 6
\BOOKMARK [1][-]{section*.7}{Closed-system\040U-Th\040dating}{}% 7
\BOOKMARK [2][-]{section*.8}{Input\040data\040format}{section*.7}% 8
\BOOKMARK [3][-]{section*.9}{Details\040of\040the\040input\040parameters\040of\040closed-system\040analysis}{section*.8}% 9
\BOOKMARK [2][-]{section*.10}{How\040to\040run\040the\040model}{section*.7}% 10
\BOOKMARK [2][-]{section*.11}{Inspecting\040and\040visualizing\040the\040models'\040output}{section*.7}% 11
\BOOKMARK [1][-]{section*.12}{Open-system\040U-Th\040dating}{}% 12
\BOOKMARK [2][-]{section*.13}{Input\040data\040format}{section*.12}% 13
\BOOKMARK [3][-]{section*.14}{Details\040of\040the\040input\040parameters\040of\040open-system\040analysis}{section*.13}% 14
\BOOKMARK [2][-]{section*.15}{How\040to\040run\040the\040model}{section*.12}% 15
\BOOKMARK [2][-]{section*.16}{Inspecting\040the\040model's\040output}{section*.12}% 16
\BOOKMARK [2][-]{section*.17}{Visualising\040the\040models'\040output}{section*.12}% 17
\BOOKMARK [1][-]{section*.18}{Case\040studies}{}% 18
\BOOKMARK [2][-]{section*.19}{Closed-system\040dating\040-\040Case\040study\040from\040Pan\040et\040al.\0402018}{section*.18}% 19
\BOOKMARK [2][-]{section*.20}{Open-system\040dating\040-\040Case\040study\040of\040two\040ages\040from\040Sutikna\040et\040al.\0402016}{section*.18}% 20
\BOOKMARK [3][-]{section*.21}{Age\040of\040the\040modern\040human\040remains\040from\040Sutikna\040et\040al.\0402016}{section*.20}% 21
\BOOKMARK [3][-]{section*.22}{Age\040of\040the\040Homo\040floresiensis\040remains\040from\040Sutikna\040et\040al.\0402016}{section*.20}% 22
\BOOKMARK [1][-]{section*.23}{Conclusions}{}% 23
\BOOKMARK [1][-]{section*.24}{References}{}% 24
